<?xml version="1.0" encoding="UTF-8"?>
<robot generator="Robot 6.0.2 (Python 3.11.1 on win32)" generated="20230702 06:00:41.670" rpa="false" schemaversion="3">
<suite id="s1" name="Practicetestautomation" source="D:\DOJOBOX\remidial automation\practicetestautomation.robot">
<test id="s1-t1" name="Positive Login test using valid username and valid password" line="16">
<kw name="Open Browser" library="SeleniumLibrary" type="SETUP">
<arg>${openurl}</arg>
<arg>${browsertype}</arg>
<doc>Opens a new browser instance to the optional ``url``.</doc>
<msg timestamp="20230702 06:00:41.799" level="INFO">Opening browser 'chrome' to base url 'https://practicetestautomation.com/practice-test-login/'.</msg>
<status status="PASS" starttime="20230702 06:00:41.799" endtime="20230702 06:00:50.450"/>
</kw>
<kw name="Maximize Browser Window" library="SeleniumLibrary">
<doc>Maximizes current browser window.</doc>
<status status="PASS" starttime="20230702 06:00:50.450" endtime="20230702 06:00:50.557"/>
</kw>
<kw name="Input Text" library="SeleniumLibrary">
<arg>//*[@id="username"]</arg>
<arg>${Vusername}</arg>
<doc>Types the given ``text`` into the text field identified by ``locator``.</doc>
<msg timestamp="20230702 06:00:50.558" level="INFO">Typing text 'student' into text field '//*[@id="username"]'.</msg>
<status status="PASS" starttime="20230702 06:00:50.557" endtime="20230702 06:00:50.622"/>
</kw>
<kw name="Input Text" library="SeleniumLibrary">
<arg>//*[@id="password"]</arg>
<arg>${Vpassword}</arg>
<doc>Types the given ``text`` into the text field identified by ``locator``.</doc>
<msg timestamp="20230702 06:00:50.623" level="INFO">Typing text 'Password123' into text field '//*[@id="password"]'.</msg>
<status status="PASS" starttime="20230702 06:00:50.623" endtime="20230702 06:00:50.668"/>
</kw>
<kw name="Click Element" library="SeleniumLibrary">
<arg>//*[@id="submit"]</arg>
<doc>Click the element identified by ``locator``.</doc>
<msg timestamp="20230702 06:00:50.668" level="INFO">Clicking element '//*[@id="submit"]'.</msg>
<status status="PASS" starttime="20230702 06:00:50.668" endtime="20230702 06:00:51.981"/>
</kw>
<kw name="Wait Until Element Is Visible" library="SeleniumLibrary">
<arg>//*[@id="loop-container"]/div/article/div[1]/h1</arg>
<doc>Waits until the element ``locator`` is visible.</doc>
<status status="PASS" starttime="20230702 06:00:51.982" endtime="20230702 06:00:52.004"/>
</kw>
<kw name="Wait Until Element Is Visible" library="SeleniumLibrary">
<arg>//*[@id="loop-container"]/div/article/div[2]/div/div/div/a</arg>
<doc>Waits until the element ``locator`` is visible.</doc>
<status status="PASS" starttime="20230702 06:00:52.004" endtime="20230702 06:00:52.021"/>
</kw>
<kw name="Page Should Contain" library="SeleniumLibrary">
<arg>Congratulations student. You successfully logged in!</arg>
<doc>Verifies that current page contains ``text``.</doc>
<msg timestamp="20230702 06:00:52.030" level="INFO">Current page contains text 'Congratulations student. You successfully logged in!'.</msg>
<status status="PASS" starttime="20230702 06:00:52.021" endtime="20230702 06:00:52.030"/>
</kw>
<kw name="Close Browser" library="SeleniumLibrary" type="TEARDOWN">
<doc>Closes the current browser.</doc>
<status status="PASS" starttime="20230702 06:00:52.030" endtime="20230702 06:00:54.099"/>
</kw>
<status status="PASS" starttime="20230702 06:00:41.798" endtime="20230702 06:00:54.100"/>
</test>
<test id="s1-t2" name="Negative username test using invalid username and valid password" line="25">
<kw name="Open Browser" library="SeleniumLibrary" type="SETUP">
<arg>${openurl}</arg>
<arg>${browsertype}</arg>
<doc>Opens a new browser instance to the optional ``url``.</doc>
<msg timestamp="20230702 06:00:54.102" level="INFO">Opening browser 'chrome' to base url 'https://practicetestautomation.com/practice-test-login/'.</msg>
<status status="PASS" starttime="20230702 06:00:54.101" endtime="20230702 06:00:57.098"/>
</kw>
<kw name="Maximize Browser Window" library="SeleniumLibrary">
<doc>Maximizes current browser window.</doc>
<status status="PASS" starttime="20230702 06:00:57.099" endtime="20230702 06:00:57.228"/>
</kw>
<kw name="Input Text" library="SeleniumLibrary">
<arg>//*[@id="username"]</arg>
<arg>${Iusername}</arg>
<doc>Types the given ``text`` into the text field identified by ``locator``.</doc>
<msg timestamp="20230702 06:00:57.229" level="INFO">Typing text 'incorrectUser' into text field '//*[@id="username"]'.</msg>
<status status="PASS" starttime="20230702 06:00:57.228" endtime="20230702 06:00:57.294"/>
</kw>
<kw name="Input Text" library="SeleniumLibrary">
<arg>//*[@id="password"]</arg>
<arg>${Vpassword}</arg>
<doc>Types the given ``text`` into the text field identified by ``locator``.</doc>
<msg timestamp="20230702 06:00:57.295" level="INFO">Typing text 'Password123' into text field '//*[@id="password"]'.</msg>
<status status="PASS" starttime="20230702 06:00:57.294" endtime="20230702 06:00:57.339"/>
</kw>
<kw name="Click Element" library="SeleniumLibrary">
<arg>//*[@id="submit"]</arg>
<doc>Click the element identified by ``locator``.</doc>
<msg timestamp="20230702 06:00:57.339" level="INFO">Clicking element '//*[@id="submit"]'.</msg>
<status status="PASS" starttime="20230702 06:00:57.339" endtime="20230702 06:00:57.367"/>
</kw>
<kw name="Wait Until Element Is Visible" library="SeleniumLibrary">
<arg>//div[@id="error"]</arg>
<doc>Waits until the element ``locator`` is visible.</doc>
<status status="PASS" starttime="20230702 06:00:57.367" endtime="20230702 06:00:57.380"/>
</kw>
<kw name="Page Should Contain" library="SeleniumLibrary">
<arg>Your username is invalid!</arg>
<doc>Verifies that current page contains ``text``.</doc>
<msg timestamp="20230702 06:00:57.389" level="INFO">Current page contains text 'Your username is invalid!'.</msg>
<status status="PASS" starttime="20230702 06:00:57.380" endtime="20230702 06:00:57.389"/>
</kw>
<kw name="Close Browser" library="SeleniumLibrary" type="TEARDOWN">
<doc>Closes the current browser.</doc>
<status status="PASS" starttime="20230702 06:00:57.389" endtime="20230702 06:00:59.487"/>
</kw>
<status status="PASS" starttime="20230702 06:00:54.101" endtime="20230702 06:00:59.487"/>
</test>
<test id="s1-t3" name="Negative password test using valid username and invalid password" line="33">
<kw name="Open Browser" library="SeleniumLibrary" type="SETUP">
<arg>${openurl}</arg>
<arg>${browsertype}</arg>
<doc>Opens a new browser instance to the optional ``url``.</doc>
<msg timestamp="20230702 06:00:59.491" level="INFO">Opening browser 'chrome' to base url 'https://practicetestautomation.com/practice-test-login/'.</msg>
<status status="PASS" starttime="20230702 06:00:59.490" endtime="20230702 06:01:02.448"/>
</kw>
<kw name="Maximize Browser Window" library="SeleniumLibrary">
<doc>Maximizes current browser window.</doc>
<status status="PASS" starttime="20230702 06:01:02.448" endtime="20230702 06:01:02.555"/>
</kw>
<kw name="Input Text" library="SeleniumLibrary">
<arg>//*[@id="username"]</arg>
<arg>${Vusername}</arg>
<doc>Types the given ``text`` into the text field identified by ``locator``.</doc>
<msg timestamp="20230702 06:01:02.557" level="INFO">Typing text 'student' into text field '//*[@id="username"]'.</msg>
<status status="PASS" starttime="20230702 06:01:02.556" endtime="20230702 06:01:02.621"/>
</kw>
<kw name="Input Text" library="SeleniumLibrary">
<arg>//*[@id="password"]</arg>
<arg>${Ipassword}</arg>
<doc>Types the given ``text`` into the text field identified by ``locator``.</doc>
<msg timestamp="20230702 06:01:02.621" level="INFO">Typing text 'incorrectPassword' into text field '//*[@id="password"]'.</msg>
<status status="PASS" starttime="20230702 06:01:02.621" endtime="20230702 06:01:02.668"/>
</kw>
<kw name="Click Element" library="SeleniumLibrary">
<arg>//*[@id="submit"]</arg>
<doc>Click the element identified by ``locator``.</doc>
<msg timestamp="20230702 06:01:02.669" level="INFO">Clicking element '//*[@id="submit"]'.</msg>
<status status="PASS" starttime="20230702 06:01:02.669" endtime="20230702 06:01:02.694"/>
</kw>
<kw name="Wait Until Element Is Visible" library="SeleniumLibrary">
<arg>//*[@id="error"]</arg>
<doc>Waits until the element ``locator`` is visible.</doc>
<status status="PASS" starttime="20230702 06:01:02.694" endtime="20230702 06:01:02.707"/>
</kw>
<kw name="Page Should Contain" library="SeleniumLibrary">
<arg>Your password is invalid!</arg>
<doc>Verifies that current page contains ``text``.</doc>
<msg timestamp="20230702 06:01:02.716" level="INFO">Current page contains text 'Your password is invalid!'.</msg>
<status status="PASS" starttime="20230702 06:01:02.708" endtime="20230702 06:01:02.716"/>
</kw>
<kw name="Close Browser" library="SeleniumLibrary" type="TEARDOWN">
<doc>Closes the current browser.</doc>
<status status="PASS" starttime="20230702 06:01:02.716" endtime="20230702 06:01:04.803"/>
</kw>
<status status="PASS" starttime="20230702 06:00:59.489" endtime="20230702 06:01:04.804"/>
</test>
<status status="PASS" starttime="20230702 06:00:41.672" endtime="20230702 06:01:04.806"/>
</suite>
<statistics>
<total>
<stat pass="3" fail="0" skip="0">All Tests</stat>
</total>
<tag>
</tag>
<suite>
<stat pass="3" fail="0" skip="0" id="s1" name="Practicetestautomation">Practicetestautomation</stat>
</suite>
</statistics>
<errors>
</errors>
</robot>
